<?xml version="1.0" encoding="UTF-8"?>
<!-- Generated by org.testng.reporters.JUnitReportReporter -->
<testsuite skipped="0" hostname="Sraavan-Sumith" name="myTestNG.DataProviderTest" tests="5" failures="0" timestamp="24 Nov 2018 03:27:39 GMT" time="0.011" errors="0">
  <testcase name="myFunction" time="0.002" classname="myTestNG.DataProviderTest"/>
  <testcase name="myFunction" time="0.002" classname="myTestNG.DataProviderTest"/>
  <testcase name="myFunction" time="0.000" classname="myTestNG.DataProviderTest"/>
  <testcase name="myFunction" time="0.002" classname="myTestNG.DataProviderTest"/>
  <testcase name="myFunction" time="0.005" classname="myTestNG.DataProviderTest"/>
</testsuite> <!-- myTestNG.DataProviderTest -->
