<?xml version="1.0" encoding="UTF-8"?>
<!-- Generated by org.testng.reporters.JUnitReportReporter -->
<testsuite skipped="0" hostname="Sraavan-Sumith" name="myTestNG.TestMsg1" tests="2" failures="0" timestamp="24 Nov 2018 03:27:39 GMT" time="0.011" errors="0">
  <testcase name="testCalculatorMsg2" time="0.007" classname="myTestNG.TestMsg1"/>
  <testcase name="testCalculatorMsg1" time="0.004" classname="myTestNG.TestMsg1"/>
</testsuite> <!-- myTestNG.TestMsg1 -->
