<?xml version="1.0" encoding="UTF-8"?>
<!-- Generated by org.testng.reporters.JUnitReportReporter -->
<testsuite skipped="0" hostname="Sraavan-Sumith" name="myTestNG.GroupTest" tests="4" failures="0" timestamp="24 Nov 2018 03:27:39 GMT" time="0.007" errors="0">
  <testcase name="f5" time="0.001" classname="myTestNG.GroupTest"/>
  <testcase name="f1" time="0.001" classname="myTestNG.GroupTest"/>
  <testcase name="f2" time="0.004" classname="myTestNG.GroupTest"/>
  <testcase name="f4" time="0.001" classname="myTestNG.GroupTest"/>
</testsuite> <!-- myTestNG.GroupTest -->
