<?xml version="1.0" encoding="UTF-8"?>
<!-- Generated by org.testng.reporters.JUnitReportReporter -->
<testsuite skipped="3" hostname="Sraavan-Sumith" name="myTestNG.TimeoutTest" tests="5" failures="0" timestamp="24 Nov 2018 03:27:39 GMT" time="8.118" errors="1">
  <testcase name="timePassMethod" time="4.040" classname="myTestNG.TimeoutTest"/>
  <testcase name="timeFailMethod" time="1.009" classname="myTestNG.TimeoutTest">
    <skipped/>
  </testcase> <!-- timeFailMethod -->
  <testcase name="timeFailMethod" time="1.006" classname="myTestNG.TimeoutTest">
    <skipped/>
  </testcase> <!-- timeFailMethod -->
  <testcase name="timeFailMethod" time="1.015" classname="myTestNG.TimeoutTest">
    <error type="org.testng.internal.thread.ThreadTimeoutException" message="Method myTestNG.TimeoutTest.timeFailMethod() didn&#039;t finish within the time-out 1000">
      <![CDATA[org.testng.internal.thread.ThreadTimeoutException: Method myTestNG.TimeoutTest.timeFailMethod() didn't finish within the time-out 1000
at myTestNG.TimeoutTest.timeFailMethod(TimeoutTest.java:39)
at sun.reflect.NativeMethodAccessorImpl.invoke0(Native Method)
at sun.reflect.NativeMethodAccessorImpl.invoke(Unknown Source)
at sun.reflect.DelegatingMethodAccessorImpl.invoke(Unknown Source)
at java.lang.reflect.Method.invoke(Unknown Source)
at org.testng.internal.MethodInvocationHelper.invokeMethod(MethodInvocationHelper.java:124)
at org.testng.internal.InvokeMethodRunnable.runOne(InvokeMethodRunnable.java:54)
at org.testng.internal.InvokeMethodRunnable.run(InvokeMethodRunnable.java:44)
at java.util.concurrent.Executors$RunnableAdapter.call(Unknown Source)
at java.util.concurrent.FutureTask.run(Unknown Source)
at java.util.concurrent.ThreadPoolExecutor.runWorker(Unknown Source)
at java.util.concurrent.ThreadPoolExecutor$Worker.run(Unknown Source)
at java.lang.Thread.run(Unknown Source)
]]>
    </error>
  </testcase> <!-- timeFailMethod -->
  <testcase name="timeFailMethod" time="1.048" classname="myTestNG.TimeoutTest">
    <skipped/>
  </testcase> <!-- timeFailMethod -->
</testsuite> <!-- myTestNG.TimeoutTest -->
